<?xml version="1.0" encoding="UTF-8"?>
<!-- Generated by org.testng.reporters.JUnitReportReporter -->
<testsuite hostname="LAPTOP-DCH1U2PQ" failures="0" tests="4" name="com.nithin.tests.SubmitOrderTest" time="18.958" errors="0" timestamp="2024-09-24T14:18:25 IST" skipped="0">
  <testcase classname="com.nithin.tests.SubmitOrderTest" name="submitOrder" time="6.475"/>
  <testcase classname="com.nithin.tests.SubmitOrderTest" name="submitOrder" time="5.965"/>
  <testcase classname="com.nithin.tests.SubmitOrderTest" name="orderHistoryTest" time="3.068"/>
  <testcase classname="com.nithin.tests.SubmitOrderTest" name="orderHistoryTest" time="3.450"/>
</testsuite> <!-- com.nithin.tests.SubmitOrderTest -->
