<?xml version="1.0" encoding="UTF-8"?>
<!-- Generated by org.testng.reporters.JUnitReportReporter -->
<testsuite hostname="LAPTOP-DCH1U2PQ" failures="0" tests="1" name="com.nithin.abstarctcomponents.ExtentReport" time="3.004" errors="0" timestamp="2024-09-24T15:13:19 IST" skipped="0">
  <testcase classname="com.nithin.abstarctcomponents.ExtentReport" name="initializedemo" time="3.004"/>
</testsuite> <!-- com.nithin.abstarctcomponents.ExtentReport -->
