<?xml version="1.0" encoding="UTF-8"?>
<!-- Generated by org.testng.reporters.JUnitReportReporter -->
<testsuite hostname="LAPTOP-DCH1U2PQ" failures="0" tests="2" name="com.nithin.tests.SubmitOrderTest" time="11.168" errors="0" timestamp="2024-09-23T18:42:55 IST" skipped="0">
  <testcase classname="com.nithin.tests.SubmitOrderTest" name="submitOrder" time="6.484"/>
  <testcase classname="com.nithin.tests.SubmitOrderTest" name="submitOrder" time="4.684"/>
</testsuite> <!-- com.nithin.tests.SubmitOrderTest -->
