<?xml version="1.0" encoding="UTF-8"?>
<!-- Generated by org.testng.reporters.JUnitReportReporter -->
<testsuite hostname="LAPTOP-DCH1U2PQ" failures="0" tests="1" name="com.nithin.base.MainStepDefinition" time="6.677" errors="0" timestamp="2024-09-23T13:26:04 IST" skipped="0">
  <testcase classname="com.nithin.base.MainStepDefinition" name="testWebPage" time="6.677"/>
</testsuite> <!-- com.nithin.base.MainStepDefinition -->
