<?xml version="1.0" encoding="UTF-8"?>
<!-- Generated by org.testng.reporters.JUnitReportReporter -->
<testsuite hostname="LAPTOP-DCH1U2PQ" failures="0" tests="1" name="com.nithin.base.SubmitOrderTest" time="5.931" errors="0" timestamp="2024-09-23T16:50:21 IST" skipped="0">
  <testcase classname="com.nithin.base.SubmitOrderTest" name="testWebPage" time="5.931"/>
</testsuite> <!-- com.nithin.base.SubmitOrderTest -->
