<?xml version="1.0" encoding="UTF-8"?>
<!-- Generated by org.testng.reporters.JUnitReportReporter -->
<testsuite hostname="LAPTOP-DCH1U2PQ" failures="0" tests="1" name="com.nithin.base.StanAloneTest" time="6.472" errors="0" timestamp="2024-09-23T13:04:51 IST" skipped="0">
  <testcase classname="com.nithin.base.StanAloneTest" name="testWebPage" time="6.472"/>
</testsuite> <!-- com.nithin.base.StanAloneTest -->
